<?xml version="1.0" encoding="UTF-8"?>
<!-- Generated by org.testng.reporters.JUnitXMLReporter -->
<testsuite hostname="U2-IT-NB197" name="Test" tests="30" failures="0" timestamp="4 Aug 2017 07:26:05 GMT" time="15.549" errors="0">
  <testcase name="@BeforeTest friendrequest_base" time="0.0" classname="facebook_TC.Send_FriendRequest">
    <failure type="java.io.FileNotFoundException" message="D:\workspace\Indonesia_Hutch\src\test\java\Config\config.properties (The device is not ready)">
      <![CDATA[java.io.FileNotFoundException: D:\workspace\Indonesia_Hutch\src\test\java\Config\config.properties (The device is not ready)
	at java.io.FileInputStream.open0(Native Method)
	at java.io.FileInputStream.open(FileInputStream.java:195)
	at java.io.FileInputStream.<init>(FileInputStream.java:138)
	at listeners.ExtentListeners.loadProperties(ExtentListeners.java:33)
	at facebook_TC.facebook_Base.init(facebook_Base.java:48)
	at facebook_TC.Send_FriendRequest.friendrequest_base(Send_FriendRequest.java:19)
... Removed 25 stack frames]]>
    </failure>
  </testcase> <!-- @BeforeTest friendrequest_base -->
  <testcase name="@BeforeTest notification_base" time="0.0" classname="facebook_TC.Send_FriendRequest">
    <skipped/>
  </testcase> <!-- @BeforeTest notification_base -->
  <testcase name="@BeforeTest settings_base" time="0.0" classname="facebook_TC.Send_FriendRequest">
    <skipped/>
  </testcase> <!-- @BeforeTest settings_base -->
  <testcase name="@BeforeTest newsfeed_base" time="0.0" classname="facebook_TC.Send_FriendRequest">
    <skipped/>
  </testcase> <!-- @BeforeTest newsfeed_base -->
  <testcase name="@BeforeTest notification_base" time="0.0" classname="facebook_TC.Send_FriendRequest">
    <skipped/>
  </testcase> <!-- @BeforeTest notification_base -->
  <testcase name="@BeforeTest wallpost_base" time="0.0" classname="facebook_TC.Send_FriendRequest">
    <skipped/>
  </testcase> <!-- @BeforeTest wallpost_base -->
  <testcase name="@BeforeMethod beforeMethod" time="0.0" classname="facebook_TC.Pending_FriendRequest_FB">
    <skipped/>
  </testcase> <!-- @BeforeMethod beforeMethod -->
  <testcase name="@BeforeMethod friendrequest_base" time="0.0" classname="facebook_TC.Pending_FriendRequest_FB">
    <skipped/>
  </testcase> <!-- @BeforeMethod friendrequest_base -->
  <testcase name="@AfterMethod tear_Down" time="0.0" classname="facebook_TC.Pending_FriendRequest_FB">
    <skipped/>
  </testcase> <!-- @AfterMethod tear_Down -->
  <testcase name="@AfterMethod afterMethod" time="0.0" classname="facebook_TC.Pending_FriendRequest_FB">
    <skipped/>
  </testcase> <!-- @AfterMethod afterMethod -->
  <testcase name="@BeforeMethod beforeMethod" time="0.0" classname="facebook_TC.newsFeed_FB">
    <skipped/>
  </testcase> <!-- @BeforeMethod beforeMethod -->
  <testcase name="@AfterMethod afterMethod" time="0.0" classname="facebook_TC.newsFeed_FB">
    <skipped/>
  </testcase> <!-- @AfterMethod afterMethod -->
  <testcase name="@BeforeMethod beforeMethod" time="0.0" classname="facebook_TC.chat_SendMsg">
    <skipped/>
  </testcase> <!-- @BeforeMethod beforeMethod -->
  <testcase name="@AfterMethod afterMethod" time="0.0" classname="facebook_TC.chat_SendMsg">
    <skipped/>
  </testcase> <!-- @AfterMethod afterMethod -->
  <testcase name="@BeforeMethod beforeMethod" time="0.0" classname="facebook_TC.chat_Notification_Check">
    <skipped/>
  </testcase> <!-- @BeforeMethod beforeMethod -->
  <testcase name="@BeforeMethod notification_base" time="0.0" classname="facebook_TC.chat_Notification_Check">
    <skipped/>
  </testcase> <!-- @BeforeMethod notification_base -->
  <testcase name="@AfterMethod tear_Down" time="0.0" classname="facebook_TC.chat_Notification_Check">
    <skipped/>
  </testcase> <!-- @AfterMethod tear_Down -->
  <testcase name="@AfterMethod afterMethod" time="0.0" classname="facebook_TC.chat_Notification_Check">
    <skipped/>
  </testcase> <!-- @AfterMethod afterMethod -->
  <testcase name="@BeforeMethod beforeMethod" time="0.0" classname="facebook_TC.chat_Select">
    <skipped/>
  </testcase> <!-- @BeforeMethod beforeMethod -->
  <testcase name="@BeforeMethod notification_base" time="0.0" classname="facebook_TC.chat_Select">
    <skipped/>
  </testcase> <!-- @BeforeMethod notification_base -->
  <testcase name="@AfterMethod tear_Down" time="0.0" classname="facebook_TC.chat_Select">
    <skipped/>
  </testcase> <!-- @AfterMethod tear_Down -->
  <testcase name="@AfterMethod afterMethod" time="0.0" classname="facebook_TC.chat_Select">
    <skipped/>
  </testcase> <!-- @AfterMethod afterMethod -->
  <testcase name="@BeforeMethod beforeMethod" time="0.0" classname="facebook_TC.facebook_settings">
    <skipped/>
  </testcase> <!-- @BeforeMethod beforeMethod -->
  <testcase name="@AfterMethod afterMethod" time="0.0" classname="facebook_TC.facebook_settings">
    <skipped/>
  </testcase> <!-- @AfterMethod afterMethod -->
  <testcase name="@BeforeMethod beforeMethod" time="0.0" classname="facebook_TC.Send_FriendRequest">
    <skipped/>
  </testcase> <!-- @BeforeMethod beforeMethod -->
  <testcase name="@AfterMethod afterMethod" time="0.0" classname="facebook_TC.Send_FriendRequest">
    <skipped/>
  </testcase> <!-- @AfterMethod afterMethod -->
  <testcase name="@BeforeMethod beforeMethod" time="0.0" classname="facebook_TC.Logout">
    <skipped/>
  </testcase> <!-- @BeforeMethod beforeMethod -->
  <testcase name="@AfterMethod tear_Down" time="0.0" classname="facebook_TC.Logout">
    <skipped/>
  </testcase> <!-- @AfterMethod tear_Down -->
  <testcase name="@AfterMethod afterMethod" time="0.0" classname="facebook_TC.Logout">
    <skipped/>
  </testcase> <!-- @AfterMethod afterMethod -->
  <testcase name="@BeforeMethod beforeMethod" time="0.0" classname="facebook_TC.notification_FB">
    <skipped/>
  </testcase> <!-- @BeforeMethod beforeMethod -->
  <testcase name="@AfterMethod afterMethod" time="0.0" classname="facebook_TC.notification_FB">
    <skipped/>
  </testcase> <!-- @AfterMethod afterMethod -->
  <testcase name="@BeforeMethod beforeMethod" time="0.0" classname="facebook_TC.chat_SendingMsg">
    <skipped/>
  </testcase> <!-- @BeforeMethod beforeMethod -->
  <testcase name="@BeforeMethod notification_base" time="0.0" classname="facebook_TC.chat_SendingMsg">
    <skipped/>
  </testcase> <!-- @BeforeMethod notification_base -->
  <testcase name="@AfterMethod tear_Down" time="0.0" classname="facebook_TC.chat_SendingMsg">
    <skipped/>
  </testcase> <!-- @AfterMethod tear_Down -->
  <testcase name="@AfterMethod afterMethod" time="0.0" classname="facebook_TC.chat_SendingMsg">
    <skipped/>
  </testcase> <!-- @AfterMethod afterMethod -->
  <testcase name="@BeforeMethod beforeMethod" time="0.0" classname="facebook_TC.chat_Reply">
    <skipped/>
  </testcase> <!-- @BeforeMethod beforeMethod -->
  <testcase name="@BeforeMethod notification_base" time="0.0" classname="facebook_TC.chat_Reply">
    <skipped/>
  </testcase> <!-- @BeforeMethod notification_base -->
  <testcase name="@AfterMethod tear_Down" time="0.0" classname="facebook_TC.chat_Reply">
    <skipped/>
  </testcase> <!-- @AfterMethod tear_Down -->
  <testcase name="@AfterMethod afterMethod" time="0.0" classname="facebook_TC.chat_Reply">
    <skipped/>
  </testcase> <!-- @AfterMethod afterMethod -->
  <testcase name="@BeforeMethod beforeMethod" time="0.0" classname="facebook_TC.wallpost_FB">
    <skipped/>
  </testcase> <!-- @BeforeMethod beforeMethod -->
  <testcase name="@AfterMethod afterMethod" time="0.0" classname="facebook_TC.wallpost_FB">
    <skipped/>
  </testcase> <!-- @AfterMethod afterMethod -->
  <testcase name="@BeforeMethod beforeMethod" time="0.0" classname="facebook_TC.Login">
    <skipped/>
  </testcase> <!-- @BeforeMethod beforeMethod -->
  <testcase name="@AfterMethod tear_Down" time="0.0" classname="facebook_TC.Login">
    <skipped/>
  </testcase> <!-- @AfterMethod tear_Down -->
  <testcase name="@AfterMethod afterMethod" time="0.0" classname="facebook_TC.Login">
    <skipped/>
  </testcase> <!-- @AfterMethod afterMethod -->
  <testcase name="@AfterTest tear_Down" time="0.0" classname="facebook_TC.Send_FriendRequest">
    <skipped/>
  </testcase> <!-- @AfterTest tear_Down -->
  <testcase name="@AfterTest tear_Down" time="0.0" classname="facebook_TC.Send_FriendRequest">
    <skipped/>
  </testcase> <!-- @AfterTest tear_Down -->
  <testcase name="@AfterTest tear_Down" time="0.0" classname="facebook_TC.Send_FriendRequest">
    <skipped/>
  </testcase> <!-- @AfterTest tear_Down -->
  <testcase name="@AfterTest tear_Down" time="0.0" classname="facebook_TC.Send_FriendRequest">
    <skipped/>
  </testcase> <!-- @AfterTest tear_Down -->
  <testcase name="@AfterTest tear_Down" time="0.0" classname="facebook_TC.Send_FriendRequest">
    <skipped/>
  </testcase> <!-- @AfterTest tear_Down -->
  <testcase name="@AfterTest tear_Down" time="0.0" classname="facebook_TC.Send_FriendRequest">
    <skipped/>
  </testcase> <!-- @AfterTest tear_Down -->
  <testcase name="pending_friendrequest_FB" time="0.001" classname="facebook_TC.Pending_FriendRequest_FB">
    <skipped/>
  </testcase> <!-- pending_friendrequest_FB -->
  <testcase name="newsfeed_select_FB" time="0.0" classname="facebook_TC.newsFeed_FB">
    <skipped/>
  </testcase> <!-- newsfeed_select_FB -->
  <testcase name="invalid_option1_FB" time="0.0" classname="facebook_TC.newsFeed_FB">
    <skipped/>
  </testcase> <!-- invalid_option1_FB -->
  <testcase name="invalid_option2_FB" time="0.0" classname="facebook_TC.newsFeed_FB">
    <skipped/>
  </testcase> <!-- invalid_option2_FB -->
  <testcase name="invalid_option3_FB" time="0.001" classname="facebook_TC.newsFeed_FB">
    <skipped/>
  </testcase> <!-- invalid_option3_FB -->
  <testcase name="invalid_option4_FB" time="0.0" classname="facebook_TC.newsFeed_FB">
    <skipped/>
  </testcase> <!-- invalid_option4_FB -->
  <testcase name="chat_sendMsg" time="0.0" classname="facebook_TC.chat_SendMsg">
    <skipped/>
  </testcase> <!-- chat_sendMsg -->
  <testcase name="chat_home" time="0.0" classname="facebook_TC.chat_SendMsg">
    <skipped/>
  </testcase> <!-- chat_home -->
  <testcase name="chat_notification_check" time="0.0" classname="facebook_TC.chat_Notification_Check">
    <skipped/>
  </testcase> <!-- chat_notification_check -->
  <testcase name="chat_select" time="0.001" classname="facebook_TC.chat_Select">
    <skipped/>
  </testcase> <!-- chat_select -->
  <testcase name="notif_settings" time="0.0" classname="facebook_TC.facebook_settings">
    <skipped/>
  </testcase> <!-- notif_settings -->
  <testcase name="notif_settings_2" time="0.0" classname="facebook_TC.facebook_settings">
    <skipped/>
  </testcase> <!-- notif_settings_2 -->
  <testcase name="notif_settings_3" time="0.0" classname="facebook_TC.facebook_settings">
    <skipped/>
  </testcase> <!-- notif_settings_3 -->
  <testcase name="pending_friendrequest" time="0.0" classname="facebook_TC.Send_FriendRequest">
    <skipped/>
  </testcase> <!-- pending_friendrequest -->
  <testcase name="pending_friendrequest_home" time="0.0" classname="facebook_TC.Send_FriendRequest">
    <skipped/>
  </testcase> <!-- pending_friendrequest_home -->
  <testcase name="pending_friendrequest_samescreen1" time="0.0" classname="facebook_TC.Send_FriendRequest">
    <skipped/>
  </testcase> <!-- pending_friendrequest_samescreen1 -->
  <testcase name="pending_friendrequest_home2" time="0.0" classname="facebook_TC.Send_FriendRequest">
    <skipped/>
  </testcase> <!-- pending_friendrequest_home2 -->
  <testcase name="logout" time="0.001" classname="facebook_TC.Logout">
    <skipped/>
  </testcase> <!-- logout -->
  <testcase name="notif_select_FB" time="0.001" classname="facebook_TC.notification_FB">
    <skipped/>
  </testcase> <!-- notif_select_FB -->
  <testcase name="notif_invalidinput1_FB" time="0.0" classname="facebook_TC.notification_FB">
    <skipped/>
  </testcase> <!-- notif_invalidinput1_FB -->
  <testcase name="notif_invalidinput2_FB" time="0.0" classname="facebook_TC.notification_FB">
    <skipped/>
  </testcase> <!-- notif_invalidinput2_FB -->
  <testcase name="notif_invalidinput3_FB" time="0.0" classname="facebook_TC.notification_FB">
    <skipped/>
  </testcase> <!-- notif_invalidinput3_FB -->
  <testcase name="sendMsg" time="0.0" classname="facebook_TC.chat_SendingMsg">
    <skipped/>
  </testcase> <!-- sendMsg -->
  <testcase name="chat_reply" time="0.0" classname="facebook_TC.chat_Reply">
    <skipped/>
  </testcase> <!-- chat_reply -->
  <testcase name="postonwall_FB" time="0.0" classname="facebook_TC.wallpost_FB">
    <skipped/>
  </testcase> <!-- postonwall_FB -->
  <testcase name="postonwall_nofriend_FB" time="0.0" classname="facebook_TC.wallpost_FB">
    <skipped/>
  </testcase> <!-- postonwall_nofriend_FB -->
  <testcase name="post_num_FB" time="0.0" classname="facebook_TC.wallpost_FB">
    <skipped/>
  </testcase> <!-- post_num_FB -->
  <testcase name="post_special_char1_FB" time="0.0" classname="facebook_TC.wallpost_FB">
    <skipped/>
  </testcase> <!-- post_special_char1_FB -->
  <testcase name="post_special_char2_FB" time="0.0" classname="facebook_TC.wallpost_FB">
    <skipped/>
  </testcase> <!-- post_special_char2_FB -->
  <testcase name="login" time="0.003" classname="facebook_TC.Login">
    <skipped/>
  </testcase> <!-- login -->
</testsuite> <!-- Test -->
