<?xml version="1.0" encoding="UTF-8"?>
<testng-results skipped="30" failed="0" total="30" passed="0">
  <reporter-output>
  </reporter-output>
  <suite name="Suite" duration-ms="15549" started-at="2017-08-04T07:25:49Z" finished-at="2017-08-04T07:26:05Z">
    <groups>
    </groups>
    <test name="Test" duration-ms="15549" started-at="2017-08-04T07:25:49Z" finished-at="2017-08-04T07:26:05Z">
      <class name="facebook_TC.notification_FB">
        <test-method status="SKIP" signature="notif_select_FB()[pri:0, instance:facebook_TC.notification_FB@65e2dbf3]" name="notif_select_FB" duration-ms="1" started-at="2017-08-04T12:56:05Z" finished-at="2017-08-04T12:56:05Z">
          <reporter-output>
          </reporter-output>
        </test-method> <!-- notif_select_FB -->
        <test-method status="SKIP" signature="beforeMethod(java.lang.reflect.Method)[pri:0, instance:facebook_TC.notification_FB@65e2dbf3]" name="beforeMethod" is-config="true" duration-ms="0" started-at="2017-08-04T12:56:05Z" finished-at="2017-08-04T12:56:05Z">
          <reporter-output>
          </reporter-output>
        </test-method> <!-- beforeMethod -->
        <test-method status="SKIP" signature="afterMethod(org.testng.ITestResult)[pri:0, instance:facebook_TC.notification_FB@65e2dbf3]" name="afterMethod" is-config="true" duration-ms="0" started-at="2017-08-04T12:56:05Z" finished-at="2017-08-04T12:56:05Z">
          <reporter-output>
          </reporter-output>
        </test-method> <!-- afterMethod -->
        <test-method status="SKIP" signature="notif_invalidinput1_FB()[pri:0, instance:facebook_TC.notification_FB@65e2dbf3]" name="notif_invalidinput1_FB" duration-ms="0" started-at="2017-08-04T12:56:05Z" depends-on-methods="facebook_TC.notification_FB.notif_select_FB" finished-at="2017-08-04T12:56:05Z">
          <exception class="java.lang.Throwable">
            <message>
              <![CDATA[Method notification_FB.notif_invalidinput1_FB()[pri:0, instance:facebook_TC.notification_FB@65e2dbf3] depends on not successfully finished methods]]>
            </message>
            <full-stacktrace>
              <![CDATA[java.lang.Throwable: Method notification_FB.notif_invalidinput1_FB()[pri:0, instance:facebook_TC.notification_FB@65e2dbf3] depends on not successfully finished methods
	at org.testng.internal.Invoker.invokeTestMethods(Invoker.java:1040)
	at org.testng.internal.TestMethodWorker.invokeTestMethods(TestMethodWorker.java:124)
	at org.testng.internal.TestMethodWorker.run(TestMethodWorker.java:108)
	at org.testng.TestRunner.privateRun(TestRunner.java:773)
	at org.testng.TestRunner.run(TestRunner.java:623)
	at org.testng.SuiteRunner.runTest(SuiteRunner.java:357)
	at org.testng.SuiteRunner.runSequentially(SuiteRunner.java:352)
	at org.testng.SuiteRunner.privateRun(SuiteRunner.java:310)
	at org.testng.SuiteRunner.run(SuiteRunner.java:259)
	at org.testng.SuiteRunnerWorker.runSuite(SuiteRunnerWorker.java:52)
	at org.testng.SuiteRunnerWorker.run(SuiteRunnerWorker.java:86)
	at org.testng.TestNG.runSuitesSequentially(TestNG.java:1185)
	at org.testng.TestNG.runSuitesLocally(TestNG.java:1110)
	at org.testng.TestNG.run(TestNG.java:1018)
	at org.apache.maven.surefire.testng.TestNGExecutor.run(TestNGExecutor.java:282)
	at org.apache.maven.surefire.testng.TestNGXmlTestSuite.execute(TestNGXmlTestSuite.java:83)
	at org.apache.maven.surefire.testng.TestNGProvider.invoke(TestNGProvider.java:114)
	at org.apache.maven.surefire.booter.ForkedBooter.invokeProviderInSameClassLoader(ForkedBooter.java:286)
	at org.apache.maven.surefire.booter.ForkedBooter.runSuitesInProcess(ForkedBooter.java:240)
	at org.apache.maven.surefire.booter.ForkedBooter.main(ForkedBooter.java:121)
]]>
            </full-stacktrace>
          </exception> <!-- java.lang.Throwable -->
          <reporter-output>
          </reporter-output>
        </test-method> <!-- notif_invalidinput1_FB -->
        <test-method status="SKIP" signature="notif_invalidinput3_FB()[pri:0, instance:facebook_TC.notification_FB@65e2dbf3]" name="notif_invalidinput3_FB" duration-ms="0" started-at="2017-08-04T12:56:05Z" depends-on-methods="facebook_TC.notification_FB.notif_invalidinput2_FB" finished-at="2017-08-04T12:56:05Z">
          <exception class="java.lang.Throwable">
            <message>
              <![CDATA[Method notification_FB.notif_invalidinput3_FB()[pri:0, instance:facebook_TC.notification_FB@65e2dbf3] depends on not successfully finished methods]]>
            </message>
            <full-stacktrace>
              <![CDATA[java.lang.Throwable: Method notification_FB.notif_invalidinput3_FB()[pri:0, instance:facebook_TC.notification_FB@65e2dbf3] depends on not successfully finished methods
	at org.testng.internal.Invoker.invokeTestMethods(Invoker.java:1040)
	at org.testng.internal.TestMethodWorker.invokeTestMethods(TestMethodWorker.java:124)
	at org.testng.internal.TestMethodWorker.run(TestMethodWorker.java:108)
	at org.testng.TestRunner.privateRun(TestRunner.java:773)
	at org.testng.TestRunner.run(TestRunner.java:623)
	at org.testng.SuiteRunner.runTest(SuiteRunner.java:357)
	at org.testng.SuiteRunner.runSequentially(SuiteRunner.java:352)
	at org.testng.SuiteRunner.privateRun(SuiteRunner.java:310)
	at org.testng.SuiteRunner.run(SuiteRunner.java:259)
	at org.testng.SuiteRunnerWorker.runSuite(SuiteRunnerWorker.java:52)
	at org.testng.SuiteRunnerWorker.run(SuiteRunnerWorker.java:86)
	at org.testng.TestNG.runSuitesSequentially(TestNG.java:1185)
	at org.testng.TestNG.runSuitesLocally(TestNG.java:1110)
	at org.testng.TestNG.run(TestNG.java:1018)
	at org.apache.maven.surefire.testng.TestNGExecutor.run(TestNGExecutor.java:282)
	at org.apache.maven.surefire.testng.TestNGXmlTestSuite.execute(TestNGXmlTestSuite.java:83)
	at org.apache.maven.surefire.testng.TestNGProvider.invoke(TestNGProvider.java:114)
	at org.apache.maven.surefire.booter.ForkedBooter.invokeProviderInSameClassLoader(ForkedBooter.java:286)
	at org.apache.maven.surefire.booter.ForkedBooter.runSuitesInProcess(ForkedBooter.java:240)
	at org.apache.maven.surefire.booter.ForkedBooter.main(ForkedBooter.java:121)
]]>
            </full-stacktrace>
          </exception> <!-- java.lang.Throwable -->
          <reporter-output>
          </reporter-output>
        </test-method> <!-- notif_invalidinput3_FB -->
        <test-method status="SKIP" signature="notif_invalidinput2_FB()[pri:0, instance:facebook_TC.notification_FB@65e2dbf3]" name="notif_invalidinput2_FB" duration-ms="0" started-at="2017-08-04T12:56:05Z" depends-on-methods="facebook_TC.notification_FB.notif_invalidinput1_FB" finished-at="2017-08-04T12:56:05Z">
          <exception class="java.lang.Throwable">
            <message>
              <![CDATA[Method notification_FB.notif_invalidinput2_FB()[pri:0, instance:facebook_TC.notification_FB@65e2dbf3] depends on not successfully finished methods]]>
            </message>
            <full-stacktrace>
              <![CDATA[java.lang.Throwable: Method notification_FB.notif_invalidinput2_FB()[pri:0, instance:facebook_TC.notification_FB@65e2dbf3] depends on not successfully finished methods
	at org.testng.internal.Invoker.invokeTestMethods(Invoker.java:1040)
	at org.testng.internal.TestMethodWorker.invokeTestMethods(TestMethodWorker.java:124)
	at org.testng.internal.TestMethodWorker.run(TestMethodWorker.java:108)
	at org.testng.TestRunner.privateRun(TestRunner.java:773)
	at org.testng.TestRunner.run(TestRunner.java:623)
	at org.testng.SuiteRunner.runTest(SuiteRunner.java:357)
	at org.testng.SuiteRunner.runSequentially(SuiteRunner.java:352)
	at org.testng.SuiteRunner.privateRun(SuiteRunner.java:310)
	at org.testng.SuiteRunner.run(SuiteRunner.java:259)
	at org.testng.SuiteRunnerWorker.runSuite(SuiteRunnerWorker.java:52)
	at org.testng.SuiteRunnerWorker.run(SuiteRunnerWorker.java:86)
	at org.testng.TestNG.runSuitesSequentially(TestNG.java:1185)
	at org.testng.TestNG.runSuitesLocally(TestNG.java:1110)
	at org.testng.TestNG.run(TestNG.java:1018)
	at org.apache.maven.surefire.testng.TestNGExecutor.run(TestNGExecutor.java:282)
	at org.apache.maven.surefire.testng.TestNGXmlTestSuite.execute(TestNGXmlTestSuite.java:83)
	at org.apache.maven.surefire.testng.TestNGProvider.invoke(TestNGProvider.java:114)
	at org.apache.maven.surefire.booter.ForkedBooter.invokeProviderInSameClassLoader(ForkedBooter.java:286)
	at org.apache.maven.surefire.booter.ForkedBooter.runSuitesInProcess(ForkedBooter.java:240)
	at org.apache.maven.surefire.booter.ForkedBooter.main(ForkedBooter.java:121)
]]>
            </full-stacktrace>
          </exception> <!-- java.lang.Throwable -->
          <reporter-output>
          </reporter-output>
        </test-method> <!-- notif_invalidinput2_FB -->
        <test-method status="PASS" signature="endTest()[pri:0, instance:facebook_TC.notification_FB@65e2dbf3]" name="endTest" is-config="true" duration-ms="0" started-at="2017-08-04T12:56:05Z" finished-at="2017-08-04T12:56:05Z">
          <reporter-output>
          </reporter-output>
        </test-method> <!-- endTest -->
      </class> <!-- facebook_TC.notification_FB -->
      <class name="facebook_TC.chat_Reply">
        <test-method status="SKIP" signature="beforeMethod(java.lang.reflect.Method)[pri:0, instance:facebook_TC.chat_Reply@887af79]" name="beforeMethod" is-config="true" duration-ms="0" started-at="2017-08-04T12:56:05Z" finished-at="2017-08-04T12:56:05Z">
          <reporter-output>
          </reporter-output>
        </test-method> <!-- beforeMethod -->
        <test-method status="SKIP" signature="notification_base()[pri:0, instance:facebook_TC.chat_Reply@887af79]" name="notification_base" is-config="true" duration-ms="0" started-at="2017-08-04T12:56:05Z" finished-at="2017-08-04T12:56:05Z">
          <reporter-output>
          </reporter-output>
        </test-method> <!-- notification_base -->
        <test-method status="SKIP" signature="chat_reply()[pri:0, instance:facebook_TC.chat_Reply@887af79]" name="chat_reply" duration-ms="0" started-at="2017-08-04T12:56:05Z" finished-at="2017-08-04T12:56:05Z">
          <reporter-output>
          </reporter-output>
        </test-method> <!-- chat_reply -->
        <test-method status="SKIP" signature="tear_Down()[pri:0, instance:facebook_TC.chat_Reply@887af79]" name="tear_Down" is-config="true" duration-ms="0" started-at="2017-08-04T12:56:05Z" finished-at="2017-08-04T12:56:05Z">
          <reporter-output>
          </reporter-output>
        </test-method> <!-- tear_Down -->
        <test-method status="SKIP" signature="afterMethod(org.testng.ITestResult)[pri:0, instance:facebook_TC.chat_Reply@887af79]" name="afterMethod" is-config="true" duration-ms="0" started-at="2017-08-04T12:56:05Z" finished-at="2017-08-04T12:56:05Z">
          <reporter-output>
          </reporter-output>
        </test-method> <!-- afterMethod -->
        <test-method status="PASS" signature="endTest()[pri:0, instance:facebook_TC.chat_Reply@887af79]" name="endTest" is-config="true" duration-ms="1" started-at="2017-08-04T12:56:05Z" finished-at="2017-08-04T12:56:05Z">
          <reporter-output>
          </reporter-output>
        </test-method> <!-- endTest -->
      </class> <!-- facebook_TC.chat_Reply -->
      <class name="facebook_TC.Login">
        <test-method status="SKIP" signature="login()[pri:0, instance:facebook_TC.Login@5bc79255]" name="login" duration-ms="3" started-at="2017-08-04T12:56:05Z" finished-at="2017-08-04T12:56:05Z">
          <reporter-output>
          </reporter-output>
        </test-method> <!-- login -->
        <test-method status="SKIP" signature="beforeMethod(java.lang.reflect.Method)[pri:0, instance:facebook_TC.Login@5bc79255]" name="beforeMethod" is-config="true" duration-ms="0" started-at="2017-08-04T12:56:05Z" finished-at="2017-08-04T12:56:05Z">
          <reporter-output>
          </reporter-output>
        </test-method> <!-- beforeMethod -->
        <test-method status="SKIP" signature="afterMethod(org.testng.ITestResult)[pri:0, instance:facebook_TC.Login@5bc79255]" name="afterMethod" is-config="true" duration-ms="0" started-at="2017-08-04T12:56:05Z" finished-at="2017-08-04T12:56:05Z">
          <reporter-output>
          </reporter-output>
        </test-method> <!-- afterMethod -->
        <test-method status="SKIP" signature="tear_Down()[pri:0, instance:facebook_TC.Login@5bc79255]" name="tear_Down" is-config="true" duration-ms="0" started-at="2017-08-04T12:56:05Z" finished-at="2017-08-04T12:56:05Z">
          <reporter-output>
          </reporter-output>
        </test-method> <!-- tear_Down -->
        <test-method status="PASS" signature="endTest()[pri:0, instance:facebook_TC.Login@5bc79255]" name="endTest" is-config="true" duration-ms="0" started-at="2017-08-04T12:56:05Z" finished-at="2017-08-04T12:56:05Z">
          <reporter-output>
          </reporter-output>
        </test-method> <!-- endTest -->
      </class> <!-- facebook_TC.Login -->
      <class name="facebook_TC.wallpost_FB">
        <test-method status="SKIP" signature="beforeMethod(java.lang.reflect.Method)[pri:0, instance:facebook_TC.wallpost_FB@5b87ed94]" name="beforeMethod" is-config="true" duration-ms="0" started-at="2017-08-04T12:56:05Z" finished-at="2017-08-04T12:56:05Z">
          <reporter-output>
          </reporter-output>
        </test-method> <!-- beforeMethod -->
        <test-method status="SKIP" signature="postonwall_FB()[pri:0, instance:facebook_TC.wallpost_FB@5b87ed94]" name="postonwall_FB" duration-ms="0" started-at="2017-08-04T12:56:05Z" finished-at="2017-08-04T12:56:05Z">
          <reporter-output>
          </reporter-output>
        </test-method> <!-- postonwall_FB -->
        <test-method status="SKIP" signature="afterMethod(org.testng.ITestResult)[pri:0, instance:facebook_TC.wallpost_FB@5b87ed94]" name="afterMethod" is-config="true" duration-ms="0" started-at="2017-08-04T12:56:05Z" finished-at="2017-08-04T12:56:05Z">
          <reporter-output>
          </reporter-output>
        </test-method> <!-- afterMethod -->
        <test-method status="SKIP" signature="postonwall_nofriend_FB()[pri:0, instance:facebook_TC.wallpost_FB@5b87ed94]" name="postonwall_nofriend_FB" duration-ms="0" started-at="2017-08-04T12:56:05Z" depends-on-methods="facebook_TC.wallpost_FB.postonwall_FB" finished-at="2017-08-04T12:56:05Z">
          <exception class="java.lang.Throwable">
            <message>
              <![CDATA[Method wallpost_FB.postonwall_nofriend_FB()[pri:0, instance:facebook_TC.wallpost_FB@5b87ed94] depends on not successfully finished methods]]>
            </message>
            <full-stacktrace>
              <![CDATA[java.lang.Throwable: Method wallpost_FB.postonwall_nofriend_FB()[pri:0, instance:facebook_TC.wallpost_FB@5b87ed94] depends on not successfully finished methods
	at org.testng.internal.Invoker.invokeTestMethods(Invoker.java:1040)
	at org.testng.internal.TestMethodWorker.invokeTestMethods(TestMethodWorker.java:124)
	at org.testng.internal.TestMethodWorker.run(TestMethodWorker.java:108)
	at org.testng.TestRunner.privateRun(TestRunner.java:773)
	at org.testng.TestRunner.run(TestRunner.java:623)
	at org.testng.SuiteRunner.runTest(SuiteRunner.java:357)
	at org.testng.SuiteRunner.runSequentially(SuiteRunner.java:352)
	at org.testng.SuiteRunner.privateRun(SuiteRunner.java:310)
	at org.testng.SuiteRunner.run(SuiteRunner.java:259)
	at org.testng.SuiteRunnerWorker.runSuite(SuiteRunnerWorker.java:52)
	at org.testng.SuiteRunnerWorker.run(SuiteRunnerWorker.java:86)
	at org.testng.TestNG.runSuitesSequentially(TestNG.java:1185)
	at org.testng.TestNG.runSuitesLocally(TestNG.java:1110)
	at org.testng.TestNG.run(TestNG.java:1018)
	at org.apache.maven.surefire.testng.TestNGExecutor.run(TestNGExecutor.java:282)
	at org.apache.maven.surefire.testng.TestNGXmlTestSuite.execute(TestNGXmlTestSuite.java:83)
	at org.apache.maven.surefire.testng.TestNGProvider.invoke(TestNGProvider.java:114)
	at org.apache.maven.surefire.booter.ForkedBooter.invokeProviderInSameClassLoader(ForkedBooter.java:286)
	at org.apache.maven.surefire.booter.ForkedBooter.runSuitesInProcess(ForkedBooter.java:240)
	at org.apache.maven.surefire.booter.ForkedBooter.main(ForkedBooter.java:121)
]]>
            </full-stacktrace>
          </exception> <!-- java.lang.Throwable -->
          <reporter-output>
          </reporter-output>
        </test-method> <!-- postonwall_nofriend_FB -->
        <test-method status="SKIP" signature="post_num_FB()[pri:0, instance:facebook_TC.wallpost_FB@5b87ed94]" name="post_num_FB" duration-ms="0" started-at="2017-08-04T12:56:05Z" depends-on-methods="facebook_TC.wallpost_FB.postonwall_nofriend_FB" finished-at="2017-08-04T12:56:05Z">
          <exception class="java.lang.Throwable">
            <message>
              <![CDATA[Method wallpost_FB.post_num_FB()[pri:0, instance:facebook_TC.wallpost_FB@5b87ed94] depends on not successfully finished methods]]>
            </message>
            <full-stacktrace>
              <![CDATA[java.lang.Throwable: Method wallpost_FB.post_num_FB()[pri:0, instance:facebook_TC.wallpost_FB@5b87ed94] depends on not successfully finished methods
	at org.testng.internal.Invoker.invokeTestMethods(Invoker.java:1040)
	at org.testng.internal.TestMethodWorker.invokeTestMethods(TestMethodWorker.java:124)
	at org.testng.internal.TestMethodWorker.run(TestMethodWorker.java:108)
	at org.testng.TestRunner.privateRun(TestRunner.java:773)
	at org.testng.TestRunner.run(TestRunner.java:623)
	at org.testng.SuiteRunner.runTest(SuiteRunner.java:357)
	at org.testng.SuiteRunner.runSequentially(SuiteRunner.java:352)
	at org.testng.SuiteRunner.privateRun(SuiteRunner.java:310)
	at org.testng.SuiteRunner.run(SuiteRunner.java:259)
	at org.testng.SuiteRunnerWorker.runSuite(SuiteRunnerWorker.java:52)
	at org.testng.SuiteRunnerWorker.run(SuiteRunnerWorker.java:86)
	at org.testng.TestNG.runSuitesSequentially(TestNG.java:1185)
	at org.testng.TestNG.runSuitesLocally(TestNG.java:1110)
	at org.testng.TestNG.run(TestNG.java:1018)
	at org.apache.maven.surefire.testng.TestNGExecutor.run(TestNGExecutor.java:282)
	at org.apache.maven.surefire.testng.TestNGXmlTestSuite.execute(TestNGXmlTestSuite.java:83)
	at org.apache.maven.surefire.testng.TestNGProvider.invoke(TestNGProvider.java:114)
	at org.apache.maven.surefire.booter.ForkedBooter.invokeProviderInSameClassLoader(ForkedBooter.java:286)
	at org.apache.maven.surefire.booter.ForkedBooter.runSuitesInProcess(ForkedBooter.java:240)
	at org.apache.maven.surefire.booter.ForkedBooter.main(ForkedBooter.java:121)
]]>
            </full-stacktrace>
          </exception> <!-- java.lang.Throwable -->
          <reporter-output>
          </reporter-output>
        </test-method> <!-- post_num_FB -->
        <test-method status="SKIP" signature="post_special_char1_FB()[pri:0, instance:facebook_TC.wallpost_FB@5b87ed94]" name="post_special_char1_FB" duration-ms="0" started-at="2017-08-04T12:56:05Z" depends-on-methods="facebook_TC.wallpost_FB.post_num_FB" finished-at="2017-08-04T12:56:05Z">
          <exception class="java.lang.Throwable">
            <message>
              <![CDATA[Method wallpost_FB.post_special_char1_FB()[pri:0, instance:facebook_TC.wallpost_FB@5b87ed94] depends on not successfully finished methods]]>
            </message>
            <full-stacktrace>
              <![CDATA[java.lang.Throwable: Method wallpost_FB.post_special_char1_FB()[pri:0, instance:facebook_TC.wallpost_FB@5b87ed94] depends on not successfully finished methods
	at org.testng.internal.Invoker.invokeTestMethods(Invoker.java:1040)
	at org.testng.internal.TestMethodWorker.invokeTestMethods(TestMethodWorker.java:124)
	at org.testng.internal.TestMethodWorker.run(TestMethodWorker.java:108)
	at org.testng.TestRunner.privateRun(TestRunner.java:773)
	at org.testng.TestRunner.run(TestRunner.java:623)
	at org.testng.SuiteRunner.runTest(SuiteRunner.java:357)
	at org.testng.SuiteRunner.runSequentially(SuiteRunner.java:352)
	at org.testng.SuiteRunner.privateRun(SuiteRunner.java:310)
	at org.testng.SuiteRunner.run(SuiteRunner.java:259)
	at org.testng.SuiteRunnerWorker.runSuite(SuiteRunnerWorker.java:52)
	at org.testng.SuiteRunnerWorker.run(SuiteRunnerWorker.java:86)
	at org.testng.TestNG.runSuitesSequentially(TestNG.java:1185)
	at org.testng.TestNG.runSuitesLocally(TestNG.java:1110)
	at org.testng.TestNG.run(TestNG.java:1018)
	at org.apache.maven.surefire.testng.TestNGExecutor.run(TestNGExecutor.java:282)
	at org.apache.maven.surefire.testng.TestNGXmlTestSuite.execute(TestNGXmlTestSuite.java:83)
	at org.apache.maven.surefire.testng.TestNGProvider.invoke(TestNGProvider.java:114)
	at org.apache.maven.surefire.booter.ForkedBooter.invokeProviderInSameClassLoader(ForkedBooter.java:286)
	at org.apache.maven.surefire.booter.ForkedBooter.runSuitesInProcess(ForkedBooter.java:240)
	at org.apache.maven.surefire.booter.ForkedBooter.main(ForkedBooter.java:121)
]]>
            </full-stacktrace>
          </exception> <!-- java.lang.Throwable -->
          <reporter-output>
          </reporter-output>
        </test-method> <!-- post_special_char1_FB -->
        <test-method status="SKIP" signature="post_special_char2_FB()[pri:0, instance:facebook_TC.wallpost_FB@5b87ed94]" name="post_special_char2_FB" duration-ms="0" started-at="2017-08-04T12:56:05Z" depends-on-methods="facebook_TC.wallpost_FB.post_special_char1_FB" finished-at="2017-08-04T12:56:05Z">
          <exception class="java.lang.Throwable">
            <message>
              <![CDATA[Method wallpost_FB.post_special_char2_FB()[pri:0, instance:facebook_TC.wallpost_FB@5b87ed94] depends on not successfully finished methods]]>
            </message>
            <full-stacktrace>
              <![CDATA[java.lang.Throwable: Method wallpost_FB.post_special_char2_FB()[pri:0, instance:facebook_TC.wallpost_FB@5b87ed94] depends on not successfully finished methods
	at org.testng.internal.Invoker.invokeTestMethods(Invoker.java:1040)
	at org.testng.internal.TestMethodWorker.invokeTestMethods(TestMethodWorker.java:124)
	at org.testng.internal.TestMethodWorker.run(TestMethodWorker.java:108)
	at org.testng.TestRunner.privateRun(TestRunner.java:773)
	at org.testng.TestRunner.run(TestRunner.java:623)
	at org.testng.SuiteRunner.runTest(SuiteRunner.java:357)
	at org.testng.SuiteRunner.runSequentially(SuiteRunner.java:352)
	at org.testng.SuiteRunner.privateRun(SuiteRunner.java:310)
	at org.testng.SuiteRunner.run(SuiteRunner.java:259)
	at org.testng.SuiteRunnerWorker.runSuite(SuiteRunnerWorker.java:52)
	at org.testng.SuiteRunnerWorker.run(SuiteRunnerWorker.java:86)
	at org.testng.TestNG.runSuitesSequentially(TestNG.java:1185)
	at org.testng.TestNG.runSuitesLocally(TestNG.java:1110)
	at org.testng.TestNG.run(TestNG.java:1018)
	at org.apache.maven.surefire.testng.TestNGExecutor.run(TestNGExecutor.java:282)
	at org.apache.maven.surefire.testng.TestNGXmlTestSuite.execute(TestNGXmlTestSuite.java:83)
	at org.apache.maven.surefire.testng.TestNGProvider.invoke(TestNGProvider.java:114)
	at org.apache.maven.surefire.booter.ForkedBooter.invokeProviderInSameClassLoader(ForkedBooter.java:286)
	at org.apache.maven.surefire.booter.ForkedBooter.runSuitesInProcess(ForkedBooter.java:240)
	at org.apache.maven.surefire.booter.ForkedBooter.main(ForkedBooter.java:121)
]]>
            </full-stacktrace>
          </exception> <!-- java.lang.Throwable -->
          <reporter-output>
          </reporter-output>
        </test-method> <!-- post_special_char2_FB -->
        <test-method status="PASS" signature="endTest()[pri:0, instance:facebook_TC.wallpost_FB@5b87ed94]" name="endTest" is-config="true" duration-ms="0" started-at="2017-08-04T12:56:05Z" finished-at="2017-08-04T12:56:05Z">
          <reporter-output>
          </reporter-output>
        </test-method> <!-- endTest -->
      </class> <!-- facebook_TC.wallpost_FB -->
      <class name="facebook_TC.chat_Notification_Check">
        <test-method status="SKIP" signature="beforeMethod(java.lang.reflect.Method)[pri:0, instance:facebook_TC.chat_Notification_Check@1f28c152]" name="beforeMethod" is-config="true" duration-ms="0" started-at="2017-08-04T12:56:05Z" finished-at="2017-08-04T12:56:05Z">
          <reporter-output>
          </reporter-output>
        </test-method> <!-- beforeMethod -->
        <test-method status="SKIP" signature="notification_base()[pri:0, instance:facebook_TC.chat_Notification_Check@1f28c152]" name="notification_base" is-config="true" duration-ms="0" started-at="2017-08-04T12:56:05Z" finished-at="2017-08-04T12:56:05Z">
          <reporter-output>
          </reporter-output>
        </test-method> <!-- notification_base -->
        <test-method status="SKIP" signature="chat_notification_check()[pri:0, instance:facebook_TC.chat_Notification_Check@1f28c152]" name="chat_notification_check" duration-ms="0" started-at="2017-08-04T12:56:05Z" finished-at="2017-08-04T12:56:05Z">
          <reporter-output>
          </reporter-output>
        </test-method> <!-- chat_notification_check -->
        <test-method status="SKIP" signature="tear_Down()[pri:0, instance:facebook_TC.chat_Notification_Check@1f28c152]" name="tear_Down" is-config="true" duration-ms="0" started-at="2017-08-04T12:56:05Z" finished-at="2017-08-04T12:56:05Z">
          <reporter-output>
          </reporter-output>
        </test-method> <!-- tear_Down -->
        <test-method status="SKIP" signature="afterMethod(org.testng.ITestResult)[pri:0, instance:facebook_TC.chat_Notification_Check@1f28c152]" name="afterMethod" is-config="true" duration-ms="0" started-at="2017-08-04T12:56:05Z" finished-at="2017-08-04T12:56:05Z">
          <reporter-output>
          </reporter-output>
        </test-method> <!-- afterMethod -->
        <test-method status="PASS" signature="endTest()[pri:0, instance:facebook_TC.chat_Notification_Check@1f28c152]" name="endTest" is-config="true" duration-ms="0" started-at="2017-08-04T12:56:05Z" finished-at="2017-08-04T12:56:05Z">
          <reporter-output>
          </reporter-output>
        </test-method> <!-- endTest -->
      </class> <!-- facebook_TC.chat_Notification_Check -->
      <class name="facebook_TC.facebook_settings">
        <test-method status="SKIP" signature="beforeMethod(java.lang.reflect.Method)[pri:0, instance:facebook_TC.facebook_settings@1d16f93d]" name="beforeMethod" is-config="true" duration-ms="0" started-at="2017-08-04T12:56:05Z" finished-at="2017-08-04T12:56:05Z">
          <reporter-output>
          </reporter-output>
        </test-method> <!-- beforeMethod -->
        <test-method status="SKIP" signature="notif_settings()[pri:0, instance:facebook_TC.facebook_settings@1d16f93d]" name="notif_settings" duration-ms="0" started-at="2017-08-04T12:56:05Z" finished-at="2017-08-04T12:56:05Z">
          <reporter-output>
          </reporter-output>
        </test-method> <!-- notif_settings -->
        <test-method status="SKIP" signature="afterMethod(org.testng.ITestResult)[pri:0, instance:facebook_TC.facebook_settings@1d16f93d]" name="afterMethod" is-config="true" duration-ms="0" started-at="2017-08-04T12:56:05Z" finished-at="2017-08-04T12:56:05Z">
          <reporter-output>
          </reporter-output>
        </test-method> <!-- afterMethod -->
        <test-method status="SKIP" signature="notif_settings_2()[pri:0, instance:facebook_TC.facebook_settings@1d16f93d]" name="notif_settings_2" duration-ms="0" started-at="2017-08-04T12:56:05Z" depends-on-methods="facebook_TC.facebook_settings.notif_settings" finished-at="2017-08-04T12:56:05Z">
          <exception class="java.lang.Throwable">
            <message>
              <![CDATA[Method facebook_settings.notif_settings_2()[pri:0, instance:facebook_TC.facebook_settings@1d16f93d] depends on not successfully finished methods]]>
            </message>
            <full-stacktrace>
              <![CDATA[java.lang.Throwable: Method facebook_settings.notif_settings_2()[pri:0, instance:facebook_TC.facebook_settings@1d16f93d] depends on not successfully finished methods
	at org.testng.internal.Invoker.invokeTestMethods(Invoker.java:1040)
	at org.testng.internal.TestMethodWorker.invokeTestMethods(TestMethodWorker.java:124)
	at org.testng.internal.TestMethodWorker.run(TestMethodWorker.java:108)
	at org.testng.TestRunner.privateRun(TestRunner.java:773)
	at org.testng.TestRunner.run(TestRunner.java:623)
	at org.testng.SuiteRunner.runTest(SuiteRunner.java:357)
	at org.testng.SuiteRunner.runSequentially(SuiteRunner.java:352)
	at org.testng.SuiteRunner.privateRun(SuiteRunner.java:310)
	at org.testng.SuiteRunner.run(SuiteRunner.java:259)
	at org.testng.SuiteRunnerWorker.runSuite(SuiteRunnerWorker.java:52)
	at org.testng.SuiteRunnerWorker.run(SuiteRunnerWorker.java:86)
	at org.testng.TestNG.runSuitesSequentially(TestNG.java:1185)
	at org.testng.TestNG.runSuitesLocally(TestNG.java:1110)
	at org.testng.TestNG.run(TestNG.java:1018)
	at org.apache.maven.surefire.testng.TestNGExecutor.run(TestNGExecutor.java:282)
	at org.apache.maven.surefire.testng.TestNGXmlTestSuite.execute(TestNGXmlTestSuite.java:83)
	at org.apache.maven.surefire.testng.TestNGProvider.invoke(TestNGProvider.java:114)
	at org.apache.maven.surefire.booter.ForkedBooter.invokeProviderInSameClassLoader(ForkedBooter.java:286)
	at org.apache.maven.surefire.booter.ForkedBooter.runSuitesInProcess(ForkedBooter.java:240)
	at org.apache.maven.surefire.booter.ForkedBooter.main(ForkedBooter.java:121)
]]>
            </full-stacktrace>
          </exception> <!-- java.lang.Throwable -->
          <reporter-output>
          </reporter-output>
        </test-method> <!-- notif_settings_2 -->
        <test-method status="SKIP" signature="notif_settings_3()[pri:0, instance:facebook_TC.facebook_settings@1d16f93d]" name="notif_settings_3" duration-ms="0" started-at="2017-08-04T12:56:05Z" depends-on-methods="facebook_TC.facebook_settings.notif_settings_2" finished-at="2017-08-04T12:56:05Z">
          <exception class="java.lang.Throwable">
            <message>
              <![CDATA[Method facebook_settings.notif_settings_3()[pri:0, instance:facebook_TC.facebook_settings@1d16f93d] depends on not successfully finished methods]]>
            </message>
            <full-stacktrace>
              <![CDATA[java.lang.Throwable: Method facebook_settings.notif_settings_3()[pri:0, instance:facebook_TC.facebook_settings@1d16f93d] depends on not successfully finished methods
	at org.testng.internal.Invoker.invokeTestMethods(Invoker.java:1040)
	at org.testng.internal.TestMethodWorker.invokeTestMethods(TestMethodWorker.java:124)
	at org.testng.internal.TestMethodWorker.run(TestMethodWorker.java:108)
	at org.testng.TestRunner.privateRun(TestRunner.java:773)
	at org.testng.TestRunner.run(TestRunner.java:623)
	at org.testng.SuiteRunner.runTest(SuiteRunner.java:357)
	at org.testng.SuiteRunner.runSequentially(SuiteRunner.java:352)
	at org.testng.SuiteRunner.privateRun(SuiteRunner.java:310)
	at org.testng.SuiteRunner.run(SuiteRunner.java:259)
	at org.testng.SuiteRunnerWorker.runSuite(SuiteRunnerWorker.java:52)
	at org.testng.SuiteRunnerWorker.run(SuiteRunnerWorker.java:86)
	at org.testng.TestNG.runSuitesSequentially(TestNG.java:1185)
	at org.testng.TestNG.runSuitesLocally(TestNG.java:1110)
	at org.testng.TestNG.run(TestNG.java:1018)
	at org.apache.maven.surefire.testng.TestNGExecutor.run(TestNGExecutor.java:282)
	at org.apache.maven.surefire.testng.TestNGXmlTestSuite.execute(TestNGXmlTestSuite.java:83)
	at org.apache.maven.surefire.testng.TestNGProvider.invoke(TestNGProvider.java:114)
	at org.apache.maven.surefire.booter.ForkedBooter.invokeProviderInSameClassLoader(ForkedBooter.java:286)
	at org.apache.maven.surefire.booter.ForkedBooter.runSuitesInProcess(ForkedBooter.java:240)
	at org.apache.maven.surefire.booter.ForkedBooter.main(ForkedBooter.java:121)
]]>
            </full-stacktrace>
          </exception> <!-- java.lang.Throwable -->
          <reporter-output>
          </reporter-output>
        </test-method> <!-- notif_settings_3 -->
        <test-method status="PASS" signature="endTest()[pri:0, instance:facebook_TC.facebook_settings@1d16f93d]" name="endTest" is-config="true" duration-ms="0" started-at="2017-08-04T12:56:05Z" finished-at="2017-08-04T12:56:05Z">
          <reporter-output>
          </reporter-output>
        </test-method> <!-- endTest -->
      </class> <!-- facebook_TC.facebook_settings -->
      <class name="facebook_TC.chat_SendingMsg">
        <test-method status="SKIP" signature="beforeMethod(java.lang.reflect.Method)[pri:0, instance:facebook_TC.chat_SendingMsg@4f970963]" name="beforeMethod" is-config="true" duration-ms="0" started-at="2017-08-04T12:56:05Z" finished-at="2017-08-04T12:56:05Z">
          <reporter-output>
          </reporter-output>
        </test-method> <!-- beforeMethod -->
        <test-method status="SKIP" signature="notification_base()[pri:0, instance:facebook_TC.chat_SendingMsg@4f970963]" name="notification_base" is-config="true" duration-ms="0" started-at="2017-08-04T12:56:05Z" finished-at="2017-08-04T12:56:05Z">
          <reporter-output>
          </reporter-output>
        </test-method> <!-- notification_base -->
        <test-method status="SKIP" signature="sendMsg()[pri:0, instance:facebook_TC.chat_SendingMsg@4f970963]" name="sendMsg" duration-ms="0" started-at="2017-08-04T12:56:05Z" finished-at="2017-08-04T12:56:05Z">
          <reporter-output>
          </reporter-output>
        </test-method> <!-- sendMsg -->
        <test-method status="SKIP" signature="tear_Down()[pri:0, instance:facebook_TC.chat_SendingMsg@4f970963]" name="tear_Down" is-config="true" duration-ms="0" started-at="2017-08-04T12:56:05Z" finished-at="2017-08-04T12:56:05Z">
          <reporter-output>
          </reporter-output>
        </test-method> <!-- tear_Down -->
        <test-method status="SKIP" signature="afterMethod(org.testng.ITestResult)[pri:0, instance:facebook_TC.chat_SendingMsg@4f970963]" name="afterMethod" is-config="true" duration-ms="0" started-at="2017-08-04T12:56:05Z" finished-at="2017-08-04T12:56:05Z">
          <reporter-output>
          </reporter-output>
        </test-method> <!-- afterMethod -->
        <test-method status="PASS" signature="endTest()[pri:0, instance:facebook_TC.chat_SendingMsg@4f970963]" name="endTest" is-config="true" duration-ms="0" started-at="2017-08-04T12:56:05Z" finished-at="2017-08-04T12:56:05Z">
          <reporter-output>
          </reporter-output>
        </test-method> <!-- endTest -->
      </class> <!-- facebook_TC.chat_SendingMsg -->
      <class name="facebook_TC.Send_FriendRequest">
        <test-method status="FAIL" signature="friendrequest_base()[pri:0, instance:facebook_TC.Send_FriendRequest@67b92f0a]" name="friendrequest_base" is-config="true" duration-ms="0" started-at="2017-08-04T12:55:49Z" finished-at="2017-08-04T12:55:49Z">
          <exception class="java.io.FileNotFoundException">
            <message>
              <![CDATA[D:\workspace\Indonesia_Hutch\src\test\java\Config\config.properties (The device is not ready)]]>
            </message>
            <full-stacktrace>
              <![CDATA[java.io.FileNotFoundException: D:\workspace\Indonesia_Hutch\src\test\java\Config\config.properties (The device is not ready)
	at java.io.FileInputStream.open0(Native Method)
	at java.io.FileInputStream.open(FileInputStream.java:195)
	at java.io.FileInputStream.<init>(FileInputStream.java:138)
	at listeners.ExtentListeners.loadProperties(ExtentListeners.java:33)
	at facebook_TC.facebook_Base.init(facebook_Base.java:48)
	at facebook_TC.Send_FriendRequest.friendrequest_base(Send_FriendRequest.java:19)
	at sun.reflect.NativeMethodAccessorImpl.invoke0(Native Method)
	at sun.reflect.NativeMethodAccessorImpl.invoke(NativeMethodAccessorImpl.java:62)
	at sun.reflect.DelegatingMethodAccessorImpl.invoke(DelegatingMethodAccessorImpl.java:43)
	at java.lang.reflect.Method.invoke(Method.java:498)
	at org.testng.internal.MethodInvocationHelper.invokeMethod(MethodInvocationHelper.java:85)
	at org.testng.internal.Invoker.invokeConfigurationMethod(Invoker.java:510)
	at org.testng.internal.Invoker.invokeConfigurations(Invoker.java:211)
	at org.testng.internal.Invoker.invokeConfigurations(Invoker.java:138)
	at org.testng.TestRunner.beforeRun(TestRunner.java:647)
	at org.testng.TestRunner.run(TestRunner.java:615)
	at org.testng.SuiteRunner.runTest(SuiteRunner.java:357)
	at org.testng.SuiteRunner.runSequentially(SuiteRunner.java:352)
	at org.testng.SuiteRunner.privateRun(SuiteRunner.java:310)
	at org.testng.SuiteRunner.run(SuiteRunner.java:259)
	at org.testng.SuiteRunnerWorker.runSuite(SuiteRunnerWorker.java:52)
	at org.testng.SuiteRunnerWorker.run(SuiteRunnerWorker.java:86)
	at org.testng.TestNG.runSuitesSequentially(TestNG.java:1185)
	at org.testng.TestNG.runSuitesLocally(TestNG.java:1110)
	at org.testng.TestNG.run(TestNG.java:1018)
	at org.apache.maven.surefire.testng.TestNGExecutor.run(TestNGExecutor.java:282)
	at org.apache.maven.surefire.testng.TestNGXmlTestSuite.execute(TestNGXmlTestSuite.java:83)
	at org.apache.maven.surefire.testng.TestNGProvider.invoke(TestNGProvider.java:114)
	at org.apache.maven.surefire.booter.ForkedBooter.invokeProviderInSameClassLoader(ForkedBooter.java:286)
	at org.apache.maven.surefire.booter.ForkedBooter.runSuitesInProcess(ForkedBooter.java:240)
	at org.apache.maven.surefire.booter.ForkedBooter.main(ForkedBooter.java:121)
]]>
            </full-stacktrace>
          </exception> <!-- java.io.FileNotFoundException -->
          <reporter-output>
          </reporter-output>
        </test-method> <!-- friendrequest_base -->
        <test-method status="SKIP" signature="settings_base()[pri:0, instance:facebook_TC.facebook_settings@1d16f93d]" name="settings_base" is-config="true" duration-ms="0" started-at="2017-08-04T12:56:05Z" finished-at="2017-08-04T12:56:05Z">
          <reporter-output>
          </reporter-output>
        </test-method> <!-- settings_base -->
        <test-method status="SKIP" signature="notification_base()[pri:0, instance:facebook_TC.chat_SendMsg@369f73a2]" name="notification_base" is-config="true" duration-ms="0" started-at="2017-08-04T12:56:05Z" finished-at="2017-08-04T12:56:05Z">
          <reporter-output>
          </reporter-output>
        </test-method> <!-- notification_base -->
        <test-method status="SKIP" signature="newsfeed_base()[pri:0, instance:facebook_TC.newsFeed_FB@731a74c]" name="newsfeed_base" is-config="true" duration-ms="0" started-at="2017-08-04T12:56:05Z" finished-at="2017-08-04T12:56:05Z">
          <reporter-output>
          </reporter-output>
        </test-method> <!-- newsfeed_base -->
        <test-method status="SKIP" signature="notification_base()[pri:0, instance:facebook_TC.notification_FB@65e2dbf3]" name="notification_base" is-config="true" duration-ms="0" started-at="2017-08-04T12:56:05Z" finished-at="2017-08-04T12:56:05Z">
          <reporter-output>
          </reporter-output>
        </test-method> <!-- notification_base -->
        <test-method status="SKIP" signature="wallpost_base()[pri:0, instance:facebook_TC.wallpost_FB@5b87ed94]" name="wallpost_base" is-config="true" duration-ms="0" started-at="2017-08-04T12:56:05Z" finished-at="2017-08-04T12:56:05Z">
          <reporter-output>
          </reporter-output>
        </test-method> <!-- wallpost_base -->
        <test-method status="SKIP" signature="pending_friendrequest()[pri:0, instance:facebook_TC.Send_FriendRequest@67b92f0a]" name="pending_friendrequest" duration-ms="0" started-at="2017-08-04T12:56:05Z" finished-at="2017-08-04T12:56:05Z">
          <reporter-output>
          </reporter-output>
        </test-method> <!-- pending_friendrequest -->
        <test-method status="SKIP" signature="beforeMethod(java.lang.reflect.Method)[pri:0, instance:facebook_TC.Send_FriendRequest@67b92f0a]" name="beforeMethod" is-config="true" duration-ms="0" started-at="2017-08-04T12:56:05Z" finished-at="2017-08-04T12:56:05Z">
          <reporter-output>
          </reporter-output>
        </test-method> <!-- beforeMethod -->
        <test-method status="SKIP" signature="afterMethod(org.testng.ITestResult)[pri:0, instance:facebook_TC.Send_FriendRequest@67b92f0a]" name="afterMethod" is-config="true" duration-ms="0" started-at="2017-08-04T12:56:05Z" finished-at="2017-08-04T12:56:05Z">
          <reporter-output>
          </reporter-output>
        </test-method> <!-- afterMethod -->
        <test-method status="SKIP" signature="pending_friendrequest_home()[pri:0, instance:facebook_TC.Send_FriendRequest@67b92f0a]" name="pending_friendrequest_home" duration-ms="0" started-at="2017-08-04T12:56:05Z" depends-on-methods="facebook_TC.Send_FriendRequest.pending_friendrequest" finished-at="2017-08-04T12:56:05Z">
          <exception class="java.lang.Throwable">
            <message>
              <![CDATA[Method Send_FriendRequest.pending_friendrequest_home()[pri:0, instance:facebook_TC.Send_FriendRequest@67b92f0a] depends on not successfully finished methods]]>
            </message>
            <full-stacktrace>
              <![CDATA[java.lang.Throwable: Method Send_FriendRequest.pending_friendrequest_home()[pri:0, instance:facebook_TC.Send_FriendRequest@67b92f0a] depends on not successfully finished methods
	at org.testng.internal.Invoker.invokeTestMethods(Invoker.java:1040)
	at org.testng.internal.TestMethodWorker.invokeTestMethods(TestMethodWorker.java:124)
	at org.testng.internal.TestMethodWorker.run(TestMethodWorker.java:108)
	at org.testng.TestRunner.privateRun(TestRunner.java:773)
	at org.testng.TestRunner.run(TestRunner.java:623)
	at org.testng.SuiteRunner.runTest(SuiteRunner.java:357)
	at org.testng.SuiteRunner.runSequentially(SuiteRunner.java:352)
	at org.testng.SuiteRunner.privateRun(SuiteRunner.java:310)
	at org.testng.SuiteRunner.run(SuiteRunner.java:259)
	at org.testng.SuiteRunnerWorker.runSuite(SuiteRunnerWorker.java:52)
	at org.testng.SuiteRunnerWorker.run(SuiteRunnerWorker.java:86)
	at org.testng.TestNG.runSuitesSequentially(TestNG.java:1185)
	at org.testng.TestNG.runSuitesLocally(TestNG.java:1110)
	at org.testng.TestNG.run(TestNG.java:1018)
	at org.apache.maven.surefire.testng.TestNGExecutor.run(TestNGExecutor.java:282)
	at org.apache.maven.surefire.testng.TestNGXmlTestSuite.execute(TestNGXmlTestSuite.java:83)
	at org.apache.maven.surefire.testng.TestNGProvider.invoke(TestNGProvider.java:114)
	at org.apache.maven.surefire.booter.ForkedBooter.invokeProviderInSameClassLoader(ForkedBooter.java:286)
	at org.apache.maven.surefire.booter.ForkedBooter.runSuitesInProcess(ForkedBooter.java:240)
	at org.apache.maven.surefire.booter.ForkedBooter.main(ForkedBooter.java:121)
]]>
            </full-stacktrace>
          </exception> <!-- java.lang.Throwable -->
          <reporter-output>
          </reporter-output>
        </test-method> <!-- pending_friendrequest_home -->
        <test-method status="SKIP" signature="pending_friendrequest_samescreen1()[pri:0, instance:facebook_TC.Send_FriendRequest@67b92f0a]" name="pending_friendrequest_samescreen1" duration-ms="0" started-at="2017-08-04T12:56:05Z" depends-on-methods="facebook_TC.Send_FriendRequest.pending_friendrequest_home" finished-at="2017-08-04T12:56:05Z">
          <exception class="java.lang.Throwable">
            <message>
              <![CDATA[Method Send_FriendRequest.pending_friendrequest_samescreen1()[pri:0, instance:facebook_TC.Send_FriendRequest@67b92f0a] depends on not successfully finished methods]]>
            </message>
            <full-stacktrace>
              <![CDATA[java.lang.Throwable: Method Send_FriendRequest.pending_friendrequest_samescreen1()[pri:0, instance:facebook_TC.Send_FriendRequest@67b92f0a] depends on not successfully finished methods
	at org.testng.internal.Invoker.invokeTestMethods(Invoker.java:1040)
	at org.testng.internal.TestMethodWorker.invokeTestMethods(TestMethodWorker.java:124)
	at org.testng.internal.TestMethodWorker.run(TestMethodWorker.java:108)
	at org.testng.TestRunner.privateRun(TestRunner.java:773)
	at org.testng.TestRunner.run(TestRunner.java:623)
	at org.testng.SuiteRunner.runTest(SuiteRunner.java:357)
	at org.testng.SuiteRunner.runSequentially(SuiteRunner.java:352)
	at org.testng.SuiteRunner.privateRun(SuiteRunner.java:310)
	at org.testng.SuiteRunner.run(SuiteRunner.java:259)
	at org.testng.SuiteRunnerWorker.runSuite(SuiteRunnerWorker.java:52)
	at org.testng.SuiteRunnerWorker.run(SuiteRunnerWorker.java:86)
	at org.testng.TestNG.runSuitesSequentially(TestNG.java:1185)
	at org.testng.TestNG.runSuitesLocally(TestNG.java:1110)
	at org.testng.TestNG.run(TestNG.java:1018)
	at org.apache.maven.surefire.testng.TestNGExecutor.run(TestNGExecutor.java:282)
	at org.apache.maven.surefire.testng.TestNGXmlTestSuite.execute(TestNGXmlTestSuite.java:83)
	at org.apache.maven.surefire.testng.TestNGProvider.invoke(TestNGProvider.java:114)
	at org.apache.maven.surefire.booter.ForkedBooter.invokeProviderInSameClassLoader(ForkedBooter.java:286)
	at org.apache.maven.surefire.booter.ForkedBooter.runSuitesInProcess(ForkedBooter.java:240)
	at org.apache.maven.surefire.booter.ForkedBooter.main(ForkedBooter.java:121)
]]>
            </full-stacktrace>
          </exception> <!-- java.lang.Throwable -->
          <reporter-output>
          </reporter-output>
        </test-method> <!-- pending_friendrequest_samescreen1 -->
        <test-method status="SKIP" signature="pending_friendrequest_home2()[pri:0, instance:facebook_TC.Send_FriendRequest@67b92f0a]" name="pending_friendrequest_home2" duration-ms="0" started-at="2017-08-04T12:56:05Z" depends-on-methods="facebook_TC.Send_FriendRequest.pending_friendrequest_samescreen1" finished-at="2017-08-04T12:56:05Z">
          <exception class="java.lang.Throwable">
            <message>
              <![CDATA[Method Send_FriendRequest.pending_friendrequest_home2()[pri:0, instance:facebook_TC.Send_FriendRequest@67b92f0a] depends on not successfully finished methods]]>
            </message>
            <full-stacktrace>
              <![CDATA[java.lang.Throwable: Method Send_FriendRequest.pending_friendrequest_home2()[pri:0, instance:facebook_TC.Send_FriendRequest@67b92f0a] depends on not successfully finished methods
	at org.testng.internal.Invoker.invokeTestMethods(Invoker.java:1040)
	at org.testng.internal.TestMethodWorker.invokeTestMethods(TestMethodWorker.java:124)
	at org.testng.internal.TestMethodWorker.run(TestMethodWorker.java:108)
	at org.testng.TestRunner.privateRun(TestRunner.java:773)
	at org.testng.TestRunner.run(TestRunner.java:623)
	at org.testng.SuiteRunner.runTest(SuiteRunner.java:357)
	at org.testng.SuiteRunner.runSequentially(SuiteRunner.java:352)
	at org.testng.SuiteRunner.privateRun(SuiteRunner.java:310)
	at org.testng.SuiteRunner.run(SuiteRunner.java:259)
	at org.testng.SuiteRunnerWorker.runSuite(SuiteRunnerWorker.java:52)
	at org.testng.SuiteRunnerWorker.run(SuiteRunnerWorker.java:86)
	at org.testng.TestNG.runSuitesSequentially(TestNG.java:1185)
	at org.testng.TestNG.runSuitesLocally(TestNG.java:1110)
	at org.testng.TestNG.run(TestNG.java:1018)
	at org.apache.maven.surefire.testng.TestNGExecutor.run(TestNGExecutor.java:282)
	at org.apache.maven.surefire.testng.TestNGXmlTestSuite.execute(TestNGXmlTestSuite.java:83)
	at org.apache.maven.surefire.testng.TestNGProvider.invoke(TestNGProvider.java:114)
	at org.apache.maven.surefire.booter.ForkedBooter.invokeProviderInSameClassLoader(ForkedBooter.java:286)
	at org.apache.maven.surefire.booter.ForkedBooter.runSuitesInProcess(ForkedBooter.java:240)
	at org.apache.maven.surefire.booter.ForkedBooter.main(ForkedBooter.java:121)
]]>
            </full-stacktrace>
          </exception> <!-- java.lang.Throwable -->
          <reporter-output>
          </reporter-output>
        </test-method> <!-- pending_friendrequest_home2 -->
        <test-method status="PASS" signature="endTest()[pri:0, instance:facebook_TC.Send_FriendRequest@67b92f0a]" name="endTest" is-config="true" duration-ms="0" started-at="2017-08-04T12:56:05Z" finished-at="2017-08-04T12:56:05Z">
          <reporter-output>
          </reporter-output>
        </test-method> <!-- endTest -->
        <test-method status="SKIP" signature="tear_Down()[pri:0, instance:facebook_TC.Send_FriendRequest@67b92f0a]" name="tear_Down" is-config="true" duration-ms="0" started-at="2017-08-04T12:56:05Z" finished-at="2017-08-04T12:56:05Z">
          <reporter-output>
          </reporter-output>
        </test-method> <!-- tear_Down -->
        <test-method status="SKIP" signature="tear_Down()[pri:0, instance:facebook_TC.chat_SendMsg@369f73a2]" name="tear_Down" is-config="true" duration-ms="0" started-at="2017-08-04T12:56:05Z" finished-at="2017-08-04T12:56:05Z">
          <reporter-output>
          </reporter-output>
        </test-method> <!-- tear_Down -->
        <test-method status="SKIP" signature="tear_Down()[pri:0, instance:facebook_TC.facebook_settings@1d16f93d]" name="tear_Down" is-config="true" duration-ms="0" started-at="2017-08-04T12:56:05Z" finished-at="2017-08-04T12:56:05Z">
          <reporter-output>
          </reporter-output>
        </test-method> <!-- tear_Down -->
        <test-method status="SKIP" signature="tear_Down()[pri:0, instance:facebook_TC.newsFeed_FB@731a74c]" name="tear_Down" is-config="true" duration-ms="0" started-at="2017-08-04T12:56:05Z" finished-at="2017-08-04T12:56:05Z">
          <reporter-output>
          </reporter-output>
        </test-method> <!-- tear_Down -->
        <test-method status="SKIP" signature="tear_Down()[pri:0, instance:facebook_TC.notification_FB@65e2dbf3]" name="tear_Down" is-config="true" duration-ms="0" started-at="2017-08-04T12:56:05Z" finished-at="2017-08-04T12:56:05Z">
          <reporter-output>
          </reporter-output>
        </test-method> <!-- tear_Down -->
        <test-method status="SKIP" signature="tear_Down()[pri:0, instance:facebook_TC.wallpost_FB@5b87ed94]" name="tear_Down" is-config="true" duration-ms="0" started-at="2017-08-04T12:56:05Z" finished-at="2017-08-04T12:56:05Z">
          <reporter-output>
          </reporter-output>
        </test-method> <!-- tear_Down -->
      </class> <!-- facebook_TC.Send_FriendRequest -->
      <class name="facebook_TC.newsFeed_FB">
        <test-method status="SKIP" signature="newsfeed_select_FB()[pri:0, instance:facebook_TC.newsFeed_FB@731a74c]" name="newsfeed_select_FB" duration-ms="0" started-at="2017-08-04T12:56:05Z" finished-at="2017-08-04T12:56:05Z">
          <reporter-output>
          </reporter-output>
        </test-method> <!-- newsfeed_select_FB -->
        <test-method status="SKIP" signature="beforeMethod(java.lang.reflect.Method)[pri:0, instance:facebook_TC.newsFeed_FB@731a74c]" name="beforeMethod" is-config="true" duration-ms="0" started-at="2017-08-04T12:56:05Z" finished-at="2017-08-04T12:56:05Z">
          <reporter-output>
          </reporter-output>
        </test-method> <!-- beforeMethod -->
        <test-method status="SKIP" signature="afterMethod(org.testng.ITestResult)[pri:0, instance:facebook_TC.newsFeed_FB@731a74c]" name="afterMethod" is-config="true" duration-ms="0" started-at="2017-08-04T12:56:05Z" finished-at="2017-08-04T12:56:05Z">
          <reporter-output>
          </reporter-output>
        </test-method> <!-- afterMethod -->
        <test-method status="SKIP" signature="invalid_option1_FB()[pri:0, instance:facebook_TC.newsFeed_FB@731a74c]" name="invalid_option1_FB" duration-ms="0" started-at="2017-08-04T12:56:05Z" depends-on-methods="facebook_TC.newsFeed_FB.newsfeed_select_FB" finished-at="2017-08-04T12:56:05Z">
          <exception class="java.lang.Throwable">
            <message>
              <![CDATA[Method newsFeed_FB.invalid_option1_FB()[pri:0, instance:facebook_TC.newsFeed_FB@731a74c] depends on not successfully finished methods]]>
            </message>
            <full-stacktrace>
              <![CDATA[java.lang.Throwable: Method newsFeed_FB.invalid_option1_FB()[pri:0, instance:facebook_TC.newsFeed_FB@731a74c] depends on not successfully finished methods
	at org.testng.internal.Invoker.invokeTestMethods(Invoker.java:1040)
	at org.testng.internal.TestMethodWorker.invokeTestMethods(TestMethodWorker.java:124)
	at org.testng.internal.TestMethodWorker.run(TestMethodWorker.java:108)
	at org.testng.TestRunner.privateRun(TestRunner.java:773)
	at org.testng.TestRunner.run(TestRunner.java:623)
	at org.testng.SuiteRunner.runTest(SuiteRunner.java:357)
	at org.testng.SuiteRunner.runSequentially(SuiteRunner.java:352)
	at org.testng.SuiteRunner.privateRun(SuiteRunner.java:310)
	at org.testng.SuiteRunner.run(SuiteRunner.java:259)
	at org.testng.SuiteRunnerWorker.runSuite(SuiteRunnerWorker.java:52)
	at org.testng.SuiteRunnerWorker.run(SuiteRunnerWorker.java:86)
	at org.testng.TestNG.runSuitesSequentially(TestNG.java:1185)
	at org.testng.TestNG.runSuitesLocally(TestNG.java:1110)
	at org.testng.TestNG.run(TestNG.java:1018)
	at org.apache.maven.surefire.testng.TestNGExecutor.run(TestNGExecutor.java:282)
	at org.apache.maven.surefire.testng.TestNGXmlTestSuite.execute(TestNGXmlTestSuite.java:83)
	at org.apache.maven.surefire.testng.TestNGProvider.invoke(TestNGProvider.java:114)
	at org.apache.maven.surefire.booter.ForkedBooter.invokeProviderInSameClassLoader(ForkedBooter.java:286)
	at org.apache.maven.surefire.booter.ForkedBooter.runSuitesInProcess(ForkedBooter.java:240)
	at org.apache.maven.surefire.booter.ForkedBooter.main(ForkedBooter.java:121)
]]>
            </full-stacktrace>
          </exception> <!-- java.lang.Throwable -->
          <reporter-output>
          </reporter-output>
        </test-method> <!-- invalid_option1_FB -->
        <test-method status="SKIP" signature="invalid_option2_FB()[pri:0, instance:facebook_TC.newsFeed_FB@731a74c]" name="invalid_option2_FB" duration-ms="0" started-at="2017-08-04T12:56:05Z" depends-on-methods="facebook_TC.newsFeed_FB.invalid_option1_FB" finished-at="2017-08-04T12:56:05Z">
          <exception class="java.lang.Throwable">
            <message>
              <![CDATA[Method newsFeed_FB.invalid_option2_FB()[pri:0, instance:facebook_TC.newsFeed_FB@731a74c] depends on not successfully finished methods]]>
            </message>
            <full-stacktrace>
              <![CDATA[java.lang.Throwable: Method newsFeed_FB.invalid_option2_FB()[pri:0, instance:facebook_TC.newsFeed_FB@731a74c] depends on not successfully finished methods
	at org.testng.internal.Invoker.invokeTestMethods(Invoker.java:1040)
	at org.testng.internal.TestMethodWorker.invokeTestMethods(TestMethodWorker.java:124)
	at org.testng.internal.TestMethodWorker.run(TestMethodWorker.java:108)
	at org.testng.TestRunner.privateRun(TestRunner.java:773)
	at org.testng.TestRunner.run(TestRunner.java:623)
	at org.testng.SuiteRunner.runTest(SuiteRunner.java:357)
	at org.testng.SuiteRunner.runSequentially(SuiteRunner.java:352)
	at org.testng.SuiteRunner.privateRun(SuiteRunner.java:310)
	at org.testng.SuiteRunner.run(SuiteRunner.java:259)
	at org.testng.SuiteRunnerWorker.runSuite(SuiteRunnerWorker.java:52)
	at org.testng.SuiteRunnerWorker.run(SuiteRunnerWorker.java:86)
	at org.testng.TestNG.runSuitesSequentially(TestNG.java:1185)
	at org.testng.TestNG.runSuitesLocally(TestNG.java:1110)
	at org.testng.TestNG.run(TestNG.java:1018)
	at org.apache.maven.surefire.testng.TestNGExecutor.run(TestNGExecutor.java:282)
	at org.apache.maven.surefire.testng.TestNGXmlTestSuite.execute(TestNGXmlTestSuite.java:83)
	at org.apache.maven.surefire.testng.TestNGProvider.invoke(TestNGProvider.java:114)
	at org.apache.maven.surefire.booter.ForkedBooter.invokeProviderInSameClassLoader(ForkedBooter.java:286)
	at org.apache.maven.surefire.booter.ForkedBooter.runSuitesInProcess(ForkedBooter.java:240)
	at org.apache.maven.surefire.booter.ForkedBooter.main(ForkedBooter.java:121)
]]>
            </full-stacktrace>
          </exception> <!-- java.lang.Throwable -->
          <reporter-output>
          </reporter-output>
        </test-method> <!-- invalid_option2_FB -->
        <test-method status="SKIP" signature="invalid_option3_FB()[pri:0, instance:facebook_TC.newsFeed_FB@731a74c]" name="invalid_option3_FB" duration-ms="1" started-at="2017-08-04T12:56:05Z" depends-on-methods="facebook_TC.newsFeed_FB.invalid_option2_FB" finished-at="2017-08-04T12:56:05Z">
          <exception class="java.lang.Throwable">
            <message>
              <![CDATA[Method newsFeed_FB.invalid_option3_FB()[pri:0, instance:facebook_TC.newsFeed_FB@731a74c] depends on not successfully finished methods]]>
            </message>
            <full-stacktrace>
              <![CDATA[java.lang.Throwable: Method newsFeed_FB.invalid_option3_FB()[pri:0, instance:facebook_TC.newsFeed_FB@731a74c] depends on not successfully finished methods
	at org.testng.internal.Invoker.invokeTestMethods(Invoker.java:1040)
	at org.testng.internal.TestMethodWorker.invokeTestMethods(TestMethodWorker.java:124)
	at org.testng.internal.TestMethodWorker.run(TestMethodWorker.java:108)
	at org.testng.TestRunner.privateRun(TestRunner.java:773)
	at org.testng.TestRunner.run(TestRunner.java:623)
	at org.testng.SuiteRunner.runTest(SuiteRunner.java:357)
	at org.testng.SuiteRunner.runSequentially(SuiteRunner.java:352)
	at org.testng.SuiteRunner.privateRun(SuiteRunner.java:310)
	at org.testng.SuiteRunner.run(SuiteRunner.java:259)
	at org.testng.SuiteRunnerWorker.runSuite(SuiteRunnerWorker.java:52)
	at org.testng.SuiteRunnerWorker.run(SuiteRunnerWorker.java:86)
	at org.testng.TestNG.runSuitesSequentially(TestNG.java:1185)
	at org.testng.TestNG.runSuitesLocally(TestNG.java:1110)
	at org.testng.TestNG.run(TestNG.java:1018)
	at org.apache.maven.surefire.testng.TestNGExecutor.run(TestNGExecutor.java:282)
	at org.apache.maven.surefire.testng.TestNGXmlTestSuite.execute(TestNGXmlTestSuite.java:83)
	at org.apache.maven.surefire.testng.TestNGProvider.invoke(TestNGProvider.java:114)
	at org.apache.maven.surefire.booter.ForkedBooter.invokeProviderInSameClassLoader(ForkedBooter.java:286)
	at org.apache.maven.surefire.booter.ForkedBooter.runSuitesInProcess(ForkedBooter.java:240)
	at org.apache.maven.surefire.booter.ForkedBooter.main(ForkedBooter.java:121)
]]>
            </full-stacktrace>
          </exception> <!-- java.lang.Throwable -->
          <reporter-output>
          </reporter-output>
        </test-method> <!-- invalid_option3_FB -->
        <test-method status="SKIP" signature="invalid_option4_FB()[pri:0, instance:facebook_TC.newsFeed_FB@731a74c]" name="invalid_option4_FB" duration-ms="0" started-at="2017-08-04T12:56:05Z" depends-on-methods="facebook_TC.newsFeed_FB.invalid_option3_FB" finished-at="2017-08-04T12:56:05Z">
          <exception class="java.lang.Throwable">
            <message>
              <![CDATA[Method newsFeed_FB.invalid_option4_FB()[pri:0, instance:facebook_TC.newsFeed_FB@731a74c] depends on not successfully finished methods]]>
            </message>
            <full-stacktrace>
              <![CDATA[java.lang.Throwable: Method newsFeed_FB.invalid_option4_FB()[pri:0, instance:facebook_TC.newsFeed_FB@731a74c] depends on not successfully finished methods
	at org.testng.internal.Invoker.invokeTestMethods(Invoker.java:1040)
	at org.testng.internal.TestMethodWorker.invokeTestMethods(TestMethodWorker.java:124)
	at org.testng.internal.TestMethodWorker.run(TestMethodWorker.java:108)
	at org.testng.TestRunner.privateRun(TestRunner.java:773)
	at org.testng.TestRunner.run(TestRunner.java:623)
	at org.testng.SuiteRunner.runTest(SuiteRunner.java:357)
	at org.testng.SuiteRunner.runSequentially(SuiteRunner.java:352)
	at org.testng.SuiteRunner.privateRun(SuiteRunner.java:310)
	at org.testng.SuiteRunner.run(SuiteRunner.java:259)
	at org.testng.SuiteRunnerWorker.runSuite(SuiteRunnerWorker.java:52)
	at org.testng.SuiteRunnerWorker.run(SuiteRunnerWorker.java:86)
	at org.testng.TestNG.runSuitesSequentially(TestNG.java:1185)
	at org.testng.TestNG.runSuitesLocally(TestNG.java:1110)
	at org.testng.TestNG.run(TestNG.java:1018)
	at org.apache.maven.surefire.testng.TestNGExecutor.run(TestNGExecutor.java:282)
	at org.apache.maven.surefire.testng.TestNGXmlTestSuite.execute(TestNGXmlTestSuite.java:83)
	at org.apache.maven.surefire.testng.TestNGProvider.invoke(TestNGProvider.java:114)
	at org.apache.maven.surefire.booter.ForkedBooter.invokeProviderInSameClassLoader(ForkedBooter.java:286)
	at org.apache.maven.surefire.booter.ForkedBooter.runSuitesInProcess(ForkedBooter.java:240)
	at org.apache.maven.surefire.booter.ForkedBooter.main(ForkedBooter.java:121)
]]>
            </full-stacktrace>
          </exception> <!-- java.lang.Throwable -->
          <reporter-output>
          </reporter-output>
        </test-method> <!-- invalid_option4_FB -->
        <test-method status="PASS" signature="endTest()[pri:0, instance:facebook_TC.newsFeed_FB@731a74c]" name="endTest" is-config="true" duration-ms="0" started-at="2017-08-04T12:56:05Z" finished-at="2017-08-04T12:56:05Z">
          <reporter-output>
          </reporter-output>
        </test-method> <!-- endTest -->
      </class> <!-- facebook_TC.newsFeed_FB -->
      <class name="facebook_TC.chat_SendMsg">
        <test-method status="SKIP" signature="beforeMethod(java.lang.reflect.Method)[pri:0, instance:facebook_TC.chat_SendMsg@369f73a2]" name="beforeMethod" is-config="true" duration-ms="0" started-at="2017-08-04T12:56:05Z" finished-at="2017-08-04T12:56:05Z">
          <reporter-output>
          </reporter-output>
        </test-method> <!-- beforeMethod -->
        <test-method status="SKIP" signature="chat_sendMsg()[pri:0, instance:facebook_TC.chat_SendMsg@369f73a2]" name="chat_sendMsg" duration-ms="0" started-at="2017-08-04T12:56:05Z" finished-at="2017-08-04T12:56:05Z">
          <reporter-output>
          </reporter-output>
        </test-method> <!-- chat_sendMsg -->
        <test-method status="SKIP" signature="chat_home()[pri:0, instance:facebook_TC.chat_SendMsg@369f73a2]" name="chat_home" duration-ms="0" started-at="2017-08-04T12:56:05Z" depends-on-methods="facebook_TC.chat_SendMsg.chat_sendMsg" finished-at="2017-08-04T12:56:05Z">
          <exception class="java.lang.Throwable">
            <message>
              <![CDATA[Method chat_SendMsg.chat_home()[pri:0, instance:facebook_TC.chat_SendMsg@369f73a2] depends on not successfully finished methods]]>
            </message>
            <full-stacktrace>
              <![CDATA[java.lang.Throwable: Method chat_SendMsg.chat_home()[pri:0, instance:facebook_TC.chat_SendMsg@369f73a2] depends on not successfully finished methods
	at org.testng.internal.Invoker.invokeTestMethods(Invoker.java:1040)
	at org.testng.internal.TestMethodWorker.invokeTestMethods(TestMethodWorker.java:124)
	at org.testng.internal.TestMethodWorker.run(TestMethodWorker.java:108)
	at org.testng.TestRunner.privateRun(TestRunner.java:773)
	at org.testng.TestRunner.run(TestRunner.java:623)
	at org.testng.SuiteRunner.runTest(SuiteRunner.java:357)
	at org.testng.SuiteRunner.runSequentially(SuiteRunner.java:352)
	at org.testng.SuiteRunner.privateRun(SuiteRunner.java:310)
	at org.testng.SuiteRunner.run(SuiteRunner.java:259)
	at org.testng.SuiteRunnerWorker.runSuite(SuiteRunnerWorker.java:52)
	at org.testng.SuiteRunnerWorker.run(SuiteRunnerWorker.java:86)
	at org.testng.TestNG.runSuitesSequentially(TestNG.java:1185)
	at org.testng.TestNG.runSuitesLocally(TestNG.java:1110)
	at org.testng.TestNG.run(TestNG.java:1018)
	at org.apache.maven.surefire.testng.TestNGExecutor.run(TestNGExecutor.java:282)
	at org.apache.maven.surefire.testng.TestNGXmlTestSuite.execute(TestNGXmlTestSuite.java:83)
	at org.apache.maven.surefire.testng.TestNGProvider.invoke(TestNGProvider.java:114)
	at org.apache.maven.surefire.booter.ForkedBooter.invokeProviderInSameClassLoader(ForkedBooter.java:286)
	at org.apache.maven.surefire.booter.ForkedBooter.runSuitesInProcess(ForkedBooter.java:240)
	at org.apache.maven.surefire.booter.ForkedBooter.main(ForkedBooter.java:121)
]]>
            </full-stacktrace>
          </exception> <!-- java.lang.Throwable -->
          <reporter-output>
          </reporter-output>
        </test-method> <!-- chat_home -->
        <test-method status="SKIP" signature="afterMethod(org.testng.ITestResult)[pri:0, instance:facebook_TC.chat_SendMsg@369f73a2]" name="afterMethod" is-config="true" duration-ms="0" started-at="2017-08-04T12:56:05Z" finished-at="2017-08-04T12:56:05Z">
          <reporter-output>
          </reporter-output>
        </test-method> <!-- afterMethod -->
        <test-method status="PASS" signature="endTest()[pri:0, instance:facebook_TC.chat_SendMsg@369f73a2]" name="endTest" is-config="true" duration-ms="0" started-at="2017-08-04T12:56:05Z" finished-at="2017-08-04T12:56:05Z">
          <reporter-output>
          </reporter-output>
        </test-method> <!-- endTest -->
      </class> <!-- facebook_TC.chat_SendMsg -->
      <class name="facebook_TC.Logout">
        <test-method status="SKIP" signature="logout()[pri:0, instance:facebook_TC.Logout@2b9627bc]" name="logout" duration-ms="1" started-at="2017-08-04T12:56:05Z" finished-at="2017-08-04T12:56:05Z">
          <reporter-output>
          </reporter-output>
        </test-method> <!-- logout -->
        <test-method status="SKIP" signature="beforeMethod(java.lang.reflect.Method)[pri:0, instance:facebook_TC.Logout@2b9627bc]" name="beforeMethod" is-config="true" duration-ms="0" started-at="2017-08-04T12:56:05Z" finished-at="2017-08-04T12:56:05Z">
          <reporter-output>
          </reporter-output>
        </test-method> <!-- beforeMethod -->
        <test-method status="SKIP" signature="afterMethod(org.testng.ITestResult)[pri:0, instance:facebook_TC.Logout@2b9627bc]" name="afterMethod" is-config="true" duration-ms="0" started-at="2017-08-04T12:56:05Z" finished-at="2017-08-04T12:56:05Z">
          <reporter-output>
          </reporter-output>
        </test-method> <!-- afterMethod -->
        <test-method status="SKIP" signature="tear_Down()[pri:0, instance:facebook_TC.Logout@2b9627bc]" name="tear_Down" is-config="true" duration-ms="0" started-at="2017-08-04T12:56:05Z" finished-at="2017-08-04T12:56:05Z">
          <reporter-output>
          </reporter-output>
        </test-method> <!-- tear_Down -->
        <test-method status="PASS" signature="endTest()[pri:0, instance:facebook_TC.Logout@2b9627bc]" name="endTest" is-config="true" duration-ms="0" started-at="2017-08-04T12:56:05Z" finished-at="2017-08-04T12:56:05Z">
          <reporter-output>
          </reporter-output>
        </test-method> <!-- endTest -->
      </class> <!-- facebook_TC.Logout -->
      <class name="facebook_TC.Pending_FriendRequest_FB">
        <test-method status="SKIP" signature="friendrequest_base()[pri:0, instance:facebook_TC.Pending_FriendRequest_FB@6536e911]" name="friendrequest_base" is-config="true" duration-ms="0" started-at="2017-08-04T12:56:05Z" finished-at="2017-08-04T12:56:05Z">
          <reporter-output>
          </reporter-output>
        </test-method> <!-- friendrequest_base -->
        <test-method status="SKIP" signature="beforeMethod(java.lang.reflect.Method)[pri:0, instance:facebook_TC.Pending_FriendRequest_FB@6536e911]" name="beforeMethod" is-config="true" duration-ms="0" started-at="2017-08-04T12:56:05Z" finished-at="2017-08-04T12:56:05Z">
          <reporter-output>
          </reporter-output>
        </test-method> <!-- beforeMethod -->
        <test-method status="SKIP" signature="pending_friendrequest_FB()[pri:0, instance:facebook_TC.Pending_FriendRequest_FB@6536e911]" name="pending_friendrequest_FB" duration-ms="1" started-at="2017-08-04T12:56:05Z" finished-at="2017-08-04T12:56:05Z">
          <reporter-output>
          </reporter-output>
        </test-method> <!-- pending_friendrequest_FB -->
        <test-method status="SKIP" signature="afterMethod(org.testng.ITestResult)[pri:0, instance:facebook_TC.Pending_FriendRequest_FB@6536e911]" name="afterMethod" is-config="true" duration-ms="0" started-at="2017-08-04T12:56:05Z" finished-at="2017-08-04T12:56:05Z">
          <reporter-output>
          </reporter-output>
        </test-method> <!-- afterMethod -->
        <test-method status="PASS" signature="endTest()[pri:0, instance:facebook_TC.Pending_FriendRequest_FB@6536e911]" name="endTest" is-config="true" duration-ms="1" started-at="2017-08-04T12:56:05Z" finished-at="2017-08-04T12:56:05Z">
          <reporter-output>
          </reporter-output>
        </test-method> <!-- endTest -->
        <test-method status="SKIP" signature="tear_Down()[pri:0, instance:facebook_TC.Pending_FriendRequest_FB@6536e911]" name="tear_Down" is-config="true" duration-ms="0" started-at="2017-08-04T12:56:05Z" finished-at="2017-08-04T12:56:05Z">
          <reporter-output>
          </reporter-output>
        </test-method> <!-- tear_Down -->
      </class> <!-- facebook_TC.Pending_FriendRequest_FB -->
      <class name="facebook_TC.chat_Select">
        <test-method status="SKIP" signature="beforeMethod(java.lang.reflect.Method)[pri:0, instance:facebook_TC.chat_Select@7791a895]" name="beforeMethod" is-config="true" duration-ms="0" started-at="2017-08-04T12:56:05Z" finished-at="2017-08-04T12:56:05Z">
          <reporter-output>
          </reporter-output>
        </test-method> <!-- beforeMethod -->
        <test-method status="SKIP" signature="notification_base()[pri:0, instance:facebook_TC.chat_Select@7791a895]" name="notification_base" is-config="true" duration-ms="0" started-at="2017-08-04T12:56:05Z" finished-at="2017-08-04T12:56:05Z">
          <reporter-output>
          </reporter-output>
        </test-method> <!-- notification_base -->
        <test-method status="SKIP" signature="chat_select()[pri:0, instance:facebook_TC.chat_Select@7791a895]" name="chat_select" duration-ms="1" started-at="2017-08-04T12:56:05Z" finished-at="2017-08-04T12:56:05Z">
          <reporter-output>
          </reporter-output>
        </test-method> <!-- chat_select -->
        <test-method status="SKIP" signature="afterMethod(org.testng.ITestResult)[pri:0, instance:facebook_TC.chat_Select@7791a895]" name="afterMethod" is-config="true" duration-ms="0" started-at="2017-08-04T12:56:05Z" finished-at="2017-08-04T12:56:05Z">
          <reporter-output>
          </reporter-output>
        </test-method> <!-- afterMethod -->
        <test-method status="SKIP" signature="tear_Down()[pri:0, instance:facebook_TC.chat_Select@7791a895]" name="tear_Down" is-config="true" duration-ms="0" started-at="2017-08-04T12:56:05Z" finished-at="2017-08-04T12:56:05Z">
          <reporter-output>
          </reporter-output>
        </test-method> <!-- tear_Down -->
        <test-method status="PASS" signature="endTest()[pri:0, instance:facebook_TC.chat_Select@7791a895]" name="endTest" is-config="true" duration-ms="0" started-at="2017-08-04T12:56:05Z" finished-at="2017-08-04T12:56:05Z">
          <reporter-output>
          </reporter-output>
        </test-method> <!-- endTest -->
      </class> <!-- facebook_TC.chat_Select -->
    </test> <!-- Test -->
  </suite> <!-- Suite -->
</testng-results>
